TranslationUnitDecl 0xdb3068 <<invalid sloc>> <invalid sloc>
|-TypedefDecl 0xdb3900 <<invalid sloc>> <invalid sloc> implicit __int128_t '__int128'
| `-BuiltinType 0xdb3600 '__int128'
|-TypedefDecl 0xdb3970 <<invalid sloc>> <invalid sloc> implicit __uint128_t 'unsigned __int128'
| `-BuiltinType 0xdb3620 'unsigned __int128'
|-TypedefDecl 0xdb3c78 <<invalid sloc>> <invalid sloc> implicit __NSConstantString 'struct __NSConstantString_tag'
| `-RecordType 0xdb3a50 'struct __NSConstantString_tag'
|   `-Record 0xdb39c8 '__NSConstantString_tag'
|-TypedefDecl 0xdb3d10 <<invalid sloc>> <invalid sloc> implicit __builtin_ms_va_list 'char *'
| `-PointerType 0xdb3cd0 'char *'
|   `-BuiltinType 0xdb3100 'char'
|-TypedefDecl 0xdb4008 <<invalid sloc>> <invalid sloc> implicit referenced __builtin_va_list 'struct __va_list_tag [1]'
| `-ConstantArrayType 0xdb3fb0 'struct __va_list_tag [1]' 1 
|   `-RecordType 0xdb3df0 'struct __va_list_tag'
|     `-Record 0xdb3d68 '__va_list_tag'
|-TypedefDecl 0xe2a028 </usr/lib/llvm-10/lib/clang/10.0.0/include/stddef.h:46:1, col:23> col:23 referenced size_t 'unsigned long'
| `-BuiltinType 0xdb3220 'unsigned long'
|-TypedefDecl 0xe2a0b0 </usr/lib/llvm-10/lib/clang/10.0.0/include/stdarg.h:14:1, col:27> col:27 va_list '__builtin_va_list':'struct __va_list_tag [1]'
| `-TypedefType 0xe2a080 '__builtin_va_list' sugar
|   |-Typedef 0xdb4008 '__builtin_va_list'
|   `-ConstantArrayType 0xdb3fb0 'struct __va_list_tag [1]' 1 
|     `-RecordType 0xdb3df0 'struct __va_list_tag'
|       `-Record 0xdb3d68 '__va_list_tag'
|-TypedefDecl 0xe2a118 <line:32:1, col:27> col:27 referenced __gnuc_va_list '__builtin_va_list':'struct __va_list_tag [1]'
| `-TypedefType 0xe2a080 '__builtin_va_list' sugar
|   |-Typedef 0xdb4008 '__builtin_va_list'
|   `-ConstantArrayType 0xdb3fb0 'struct __va_list_tag [1]' 1 
|     `-RecordType 0xdb3df0 'struct __va_list_tag'
|       `-Record 0xdb3d68 '__va_list_tag'
|-TypedefDecl 0xe2a188 </usr/include/x86_64-linux-gnu/bits/types.h:31:1, col:23> col:23 __u_char 'unsigned char'
| `-BuiltinType 0xdb31c0 'unsigned char'
|-TypedefDecl 0xe2a1f8 <line:32:1, col:28> col:28 __u_short 'unsigned short'
| `-BuiltinType 0xdb31e0 'unsigned short'
|-TypedefDecl 0xe2a268 <line:33:1, col:22> col:22 __u_int 'unsigned int'
| `-BuiltinType 0xdb3200 'unsigned int'
|-TypedefDecl 0xe2a2d8 <line:34:1, col:27> col:27 __u_long 'unsigned long'
| `-BuiltinType 0xdb3220 'unsigned long'
|-TypedefDecl 0xe2a348 <line:37:1, col:21> col:21 referenced __int8_t 'signed char'
| `-BuiltinType 0xdb3120 'signed char'
|-TypedefDecl 0xe2a3b8 <line:38:1, col:23> col:23 referenced __uint8_t 'unsigned char'
| `-BuiltinType 0xdb31c0 'unsigned char'
|-TypedefDecl 0xe2a428 <line:39:1, col:26> col:26 referenced __int16_t 'short'
| `-BuiltinType 0xdb3140 'short'
|-TypedefDecl 0xe2a498 <line:40:1, col:28> col:28 referenced __uint16_t 'unsigned short'
| `-BuiltinType 0xdb31e0 'unsigned short'
|-TypedefDecl 0xe2a508 <line:41:1, col:20> col:20 referenced __int32_t 'int'
| `-BuiltinType 0xdb3160 'int'
|-TypedefDecl 0xe2a578 <line:42:1, col:22> col:22 referenced __uint32_t 'unsigned int'
| `-BuiltinType 0xdb3200 'unsigned int'
|-TypedefDecl 0xe2a5e8 <line:44:1, col:25> col:25 referenced __int64_t 'long'
| `-BuiltinType 0xdb3180 'long'
|-TypedefDecl 0xe2a658 <line:45:1, col:27> col:27 referenced __uint64_t 'unsigned long'
| `-BuiltinType 0xdb3220 'unsigned long'
|-TypedefDecl 0xe2a6e0 <line:52:1, col:18> col:18 __int_least8_t '__int8_t':'signed char'
| `-TypedefType 0xe2a6b0 '__int8_t' sugar
|   |-Typedef 0xe2a348 '__int8_t'
|   `-BuiltinType 0xdb3120 'signed char'
|-TypedefDecl 0xe2a770 <line:53:1, col:19> col:19 __uint_least8_t '__uint8_t':'unsigned char'
| `-TypedefType 0xe2a740 '__uint8_t' sugar
|   |-Typedef 0xe2a3b8 '__uint8_t'
|   `-BuiltinType 0xdb31c0 'unsigned char'
|-TypedefDecl 0xe2a800 <line:54:1, col:19> col:19 __int_least16_t '__int16_t':'short'
| `-TypedefType 0xe2a7d0 '__int16_t' sugar
|   |-Typedef 0xe2a428 '__int16_t'
|   `-BuiltinType 0xdb3140 'short'
|-TypedefDecl 0xe2a890 <line:55:1, col:20> col:20 __uint_least16_t '__uint16_t':'unsigned short'
| `-TypedefType 0xe2a860 '__uint16_t' sugar
|   |-Typedef 0xe2a498 '__uint16_t'
|   `-BuiltinType 0xdb31e0 'unsigned short'
|-TypedefDecl 0xe2a920 <line:56:1, col:19> col:19 __int_least32_t '__int32_t':'int'
| `-TypedefType 0xe2a8f0 '__int32_t' sugar
|   |-Typedef 0xe2a508 '__int32_t'
|   `-BuiltinType 0xdb3160 'int'
|-TypedefDecl 0xe2a9b0 <line:57:1, col:20> col:20 __uint_least32_t '__uint32_t':'unsigned int'
| `-TypedefType 0xe2a980 '__uint32_t' sugar
|   |-Typedef 0xe2a578 '__uint32_t'
|   `-BuiltinType 0xdb3200 'unsigned int'
|-TypedefDecl 0xe2aa40 <line:58:1, col:19> col:19 __int_least64_t '__int64_t':'long'
| `-TypedefType 0xe2aa10 '__int64_t' sugar
|   |-Typedef 0xe2a5e8 '__int64_t'
|   `-BuiltinType 0xdb3180 'long'
|-TypedefDecl 0xe2aad0 <line:59:1, col:20> col:20 __uint_least64_t '__uint64_t':'unsigned long'
| `-TypedefType 0xe2aaa0 '__uint64_t' sugar
|   |-Typedef 0xe2a658 '__uint64_t'
|   `-BuiltinType 0xdb3220 'unsigned long'
|-TypedefDecl 0xe2ab40 <line:63:1, col:18> col:18 __quad_t 'long'
| `-BuiltinType 0xdb3180 'long'
|-TypedefDecl 0xe2abb0 <line:64:1, col:27> col:27 __u_quad_t 'unsigned long'
| `-BuiltinType 0xdb3220 'unsigned long'
|-TypedefDecl 0xe2ac20 <line:72:1, col:18> col:18 __intmax_t 'long'
| `-BuiltinType 0xdb3180 'long'
|-TypedefDecl 0xe2ac90 <line:73:1, col:27> col:27 __uintmax_t 'unsigned long'
| `-BuiltinType 0xdb3220 'unsigned long'
|-TypedefDecl 0xe2ad00 <line:137:22, line:145:25> col:25 __dev_t 'unsigned long'
| `-BuiltinType 0xdb3220 'unsigned long'
|-TypedefDecl 0xe2ad70 <line:137:22, line:146:25> col:25 __uid_t 'unsigned int'
| `-BuiltinType 0xdb3200 'unsigned int'
|-TypedefDecl 0xe2ade0 <line:137:22, line:147:25> col:25 __gid_t 'unsigned int'
| `-BuiltinType 0xdb3200 'unsigned int'
|-TypedefDecl 0xe2ae50 <line:137:22, line:148:25> col:25 __ino_t 'unsigned long'
| `-BuiltinType 0xdb3220 'unsigned long'
|-TypedefDecl 0xe2aec0 <line:137:22, line:149:27> col:27 __ino64_t 'unsigned long'
| `-BuiltinType 0xdb3220 'unsigned long'
|-TypedefDecl 0xe2af30 <line:137:22, line:150:26> col:26 __mode_t 'unsigned int'
| `-BuiltinType 0xdb3200 'unsigned int'
|-TypedefDecl 0xe2afa0 <line:137:22, line:151:27> col:27 __nlink_t 'unsigned long'
| `-BuiltinType 0xdb3220 'unsigned long'
|-TypedefDecl 0xe369f0 <line:137:22, line:152:25> col:25 referenced __off_t 'long'
| `-BuiltinType 0xdb3180 'long'
|-TypedefDecl 0xe36a60 <line:137:22, line:153:27> col:27 referenced __off64_t 'long'
| `-BuiltinType 0xdb3180 'long'
|-TypedefDecl 0xe36ad0 <line:137:22, line:154:25> col:25 __pid_t 'int'
| `-BuiltinType 0xdb3160 'int'
|-RecordDecl 0xe36b28 </usr/include/x86_64-linux-gnu/bits/typesizes.h:72:24, col:47> col:24 struct definition
| `-FieldDecl 0xe36c70 <col:33, col:44> col:37 __val 'int [2]'
|-TypedefDecl 0xe36d18 </usr/include/x86_64-linux-gnu/bits/types.h:137:22, line:155:26> col:26 __fsid_t 'struct __fsid_t':'__fsid_t'
| `-ElaboratedType 0xe36cc0 'struct __fsid_t' sugar
|   `-RecordType 0xe36bb0 '__fsid_t'
|     `-Record 0xe36b28 ''
|-TypedefDecl 0xe36da0 <line:137:22, line:156:27> col:27 __clock_t 'long'
| `-BuiltinType 0xdb3180 'long'
|-TypedefDecl 0xe36e10 <line:137:22, line:157:26> col:26 __rlim_t 'unsigned long'
| `-BuiltinType 0xdb3220 'unsigned long'
|-TypedefDecl 0xe36e80 <line:137:22, line:158:28> col:28 __rlim64_t 'unsigned long'
| `-BuiltinType 0xdb3220 'unsigned long'
|-TypedefDecl 0xe36ef0 <line:137:22, line:159:24> col:24 __id_t 'unsigned int'
| `-BuiltinType 0xdb3200 'unsigned int'
|-TypedefDecl 0xe36f60 <line:137:22, line:160:26> col:26 __time_t 'long'
| `-BuiltinType 0xdb3180 'long'
|-TypedefDecl 0xe36fd0 <line:137:22, line:161:30> col:30 __useconds_t 'unsigned int'
| `-BuiltinType 0xdb3200 'unsigned int'
|-TypedefDecl 0xe37040 <line:137:22, line:162:31> col:31 __suseconds_t 'long'
| `-BuiltinType 0xdb3180 'long'
|-TypedefDecl 0xe370b0 <line:137:22, line:164:27> col:27 __daddr_t 'int'
| `-BuiltinType 0xdb3160 'int'
|-TypedefDecl 0xe37120 <line:137:22, line:165:25> col:25 __key_t 'int'
| `-BuiltinType 0xdb3160 'int'
|-TypedefDecl 0xe37190 <line:137:22, line:168:29> col:29 __clockid_t 'int'
| `-BuiltinType 0xdb3160 'int'
|-TypedefDecl 0xe37200 <line:137:22, line:171:27> col:27 __timer_t 'void *'
| `-PointerType 0xdb3880 'void *'
|   `-BuiltinType 0xdb30c0 'void'
|-TypedefDecl 0xe37270 <line:137:22, line:174:29> col:29 __blksize_t 'long'
| `-BuiltinType 0xdb3180 'long'
|-TypedefDecl 0xe372e0 <line:137:22, line:179:28> col:28 __blkcnt_t 'long'
| `-BuiltinType 0xdb3180 'long'
|-TypedefDecl 0xe37350 <line:137:22, line:180:30> col:30 __blkcnt64_t 'long'
| `-BuiltinType 0xdb3180 'long'
|-TypedefDecl 0xe373c0 <line:137:22, line:183:30> col:30 __fsblkcnt_t 'unsigned long'
| `-BuiltinType 0xdb3220 'unsigned long'
|-TypedefDecl 0xe37430 <line:137:22, line:184:32> col:32 __fsblkcnt64_t 'unsigned long'
| `-BuiltinType 0xdb3220 'unsigned long'
|-TypedefDecl 0xe374a0 <line:137:22, line:187:30> col:30 __fsfilcnt_t 'unsigned long'
| `-BuiltinType 0xdb3220 'unsigned long'
|-TypedefDecl 0xe37510 <line:137:22, line:188:32> col:32 __fsfilcnt64_t 'unsigned long'
| `-BuiltinType 0xdb3220 'unsigned long'
|-TypedefDecl 0xe37580 <line:137:22, line:191:28> col:28 __fsword_t 'long'
| `-BuiltinType 0xdb3180 'long'
|-TypedefDecl 0xe375f0 <line:137:22, line:193:27> col:27 referenced __ssize_t 'long'
| `-BuiltinType 0xdb3180 'long'
|-TypedefDecl 0xe37660 <line:137:22, line:196:33> col:33 __syscall_slong_t 'long'
| `-BuiltinType 0xdb3180 'long'
|-TypedefDecl 0xe376d0 <line:137:22, line:198:33> col:33 __syscall_ulong_t 'unsigned long'
| `-BuiltinType 0xdb3220 'unsigned long'
|-TypedefDecl 0xe37760 <line:202:1, col:19> col:19 __loff_t '__off64_t':'long'
| `-TypedefType 0xe37730 '__off64_t' sugar
|   |-Typedef 0xe36a60 '__off64_t'
|   `-BuiltinType 0xdb3180 'long'
|-TypedefDecl 0xe377d0 <line:203:1, col:15> col:15 __caddr_t 'char *'
| `-PointerType 0xdb3cd0 'char *'
|   `-BuiltinType 0xdb3100 'char'
|-TypedefDecl 0xe37840 <line:137:22, line:206:25> col:25 __intptr_t 'long'
| `-BuiltinType 0xdb3180 'long'
|-TypedefDecl 0xe378b0 <line:137:22, line:209:23> col:23 __socklen_t 'unsigned int'
| `-BuiltinType 0xdb3200 'unsigned int'
|-TypedefDecl 0xe37920 <line:214:1, col:13> col:13 __sig_atomic_t 'int'
| `-BuiltinType 0xdb3160 'int'
|-RecordDecl 0xe3c9e0 </usr/include/x86_64-linux-gnu/bits/types/__mbstate_t.h:13:9, line:21:1> line:13:9 struct definition
| |-FieldDecl 0xe3ca98 <line:15:3, col:7> col:7 __count 'int'
| |-RecordDecl 0xe3cae8 <line:16:3, line:20:3> line:16:3 union definition
| | |-FieldDecl 0xe3cba8 <<built-in>:87:23, /usr/include/x86_64-linux-gnu/bits/types/__mbstate_t.h:18:19> col:19 __wch 'unsigned int'
| | `-FieldDecl 0xe3cc88 <line:19:5, col:18> col:10 __wchb 'char [4]'
| `-FieldDecl 0xe3cd38 <line:16:3, line:20:5> col:5 __value 'union (anonymous union at /usr/include/x86_64-linux-gnu/bits/types/__mbstate_t.h:16:3)':'union __mbstate_t::(anonymous at /usr/include/x86_64-linux-gnu/bits/types/__mbstate_t.h:16:3)'
|-TypedefDecl 0xe3cde8 <line:13:1, line:21:3> col:3 referenced __mbstate_t 'struct __mbstate_t':'__mbstate_t'
| `-ElaboratedType 0xe3cd90 'struct __mbstate_t' sugar
|   `-RecordType 0xe3ca60 '__mbstate_t'
|     `-Record 0xe3c9e0 ''
|-RecordDecl 0xe3ce58 </usr/include/x86_64-linux-gnu/bits/types/__fpos_t.h:10:9, line:14:1> line:10:16 struct _G_fpos_t definition
| |-FieldDecl 0xe3cf30 <line:12:3, col:11> col:11 __pos '__off_t':'long'
| `-FieldDecl 0xe3cfb0 <line:13:3, col:15> col:15 __state '__mbstate_t':'__mbstate_t'
|-TypedefDecl 0xe3d058 <line:10:1, line:14:3> col:3 referenced __fpos_t 'struct _G_fpos_t':'struct _G_fpos_t'
| `-ElaboratedType 0xe3d000 'struct _G_fpos_t' sugar
|   `-RecordType 0xe3cee0 'struct _G_fpos_t'
|     `-Record 0xe3ce58 '_G_fpos_t'
|-RecordDecl 0xe3d0c8 </usr/include/x86_64-linux-gnu/bits/types/__fpos64_t.h:10:9, line:14:1> line:10:16 struct _G_fpos64_t definition
| |-FieldDecl 0xe3d180 <line:12:3, col:13> col:13 __pos '__off64_t':'long'
| `-FieldDecl 0xe3d1e0 <line:13:3, col:15> col:15 __state '__mbstate_t':'__mbstate_t'
|-TypedefDecl 0xe3d288 <line:10:1, line:14:3> col:3 __fpos64_t 'struct _G_fpos64_t':'struct _G_fpos64_t'
| `-ElaboratedType 0xe3d230 'struct _G_fpos64_t' sugar
|   `-RecordType 0xe3d150 'struct _G_fpos64_t'
|     `-Record 0xe3d0c8 '_G_fpos64_t'
|-RecordDecl 0xe3d2f8 </usr/include/x86_64-linux-gnu/bits/types/__FILE.h:4:1, col:8> col:8 struct _IO_FILE
|-TypedefDecl 0xe3d3f0 <line:5:1, col:25> col:25 __FILE 'struct _IO_FILE':'struct _IO_FILE'
| `-ElaboratedType 0xe3d3a0 'struct _IO_FILE' sugar
|   `-RecordType 0xe3d380 'struct _IO_FILE'
|     `-Record 0xe3d808 '_IO_FILE'
|-RecordDecl 0xe3d448 prev 0xe3d2f8 </usr/include/x86_64-linux-gnu/bits/types/FILE.h:4:1, col:8> col:8 struct _IO_FILE
|-TypedefDecl 0xe3d4e8 <line:7:1, col:25> col:25 referenced FILE 'struct _IO_FILE':'struct _IO_FILE'
| `-ElaboratedType 0xe3d3a0 'struct _IO_FILE' sugar
|   `-RecordType 0xe3d380 'struct _IO_FILE'
|     `-Record 0xe3d808 '_IO_FILE'
|-RecordDecl 0xe3d540 prev 0xe3d448 </usr/include/x86_64-linux-gnu/bits/types/struct_FILE.h:35:1, col:8> col:8 struct _IO_FILE
|-RecordDecl 0xe3d5c0 <line:36:1, col:8> col:8 struct _IO_marker
|-RecordDecl 0xe3d660 <line:37:1, col:8> col:8 struct _IO_codecvt
|-RecordDecl 0xe3d700 <line:38:1, col:8> col:8 struct _IO_wide_data
|-TypedefDecl 0xe3d7b0 <line:43:1, col:14> col:14 referenced _IO_lock_t 'void'
| `-BuiltinType 0xdb30c0 'void'
|-RecordDecl 0xe3d808 prev 0xe3d540 <line:49:1, line:99:1> line:49:8 struct _IO_FILE definition
| |-FieldDecl 0xe3d8a0 <line:51:3, col:7> col:7 _flags 'int'
| |-FieldDecl 0xe3d908 <line:54:3, col:9> col:9 _IO_read_ptr 'char *'
| |-FieldDecl 0xe3d970 <line:55:3, col:9> col:9 _IO_read_end 'char *'
| |-FieldDecl 0xe40a80 <line:56:3, col:9> col:9 _IO_read_base 'char *'
| |-FieldDecl 0xe40ae8 <line:57:3, col:9> col:9 _IO_write_base 'char *'
| |-FieldDecl 0xe40b50 <line:58:3, col:9> col:9 _IO_write_ptr 'char *'
| |-FieldDecl 0xe40bb8 <line:59:3, col:9> col:9 _IO_write_end 'char *'
| |-FieldDecl 0xe40c20 <line:60:3, col:9> col:9 _IO_buf_base 'char *'
| |-FieldDecl 0xe40c88 <line:61:3, col:9> col:9 _IO_buf_end 'char *'
| |-FieldDecl 0xe40cf0 <line:64:3, col:9> col:9 _IO_save_base 'char *'
| |-FieldDecl 0xe40d58 <line:65:3, col:9> col:9 _IO_backup_base 'char *'
| |-FieldDecl 0xe40dc0 <line:66:3, col:9> col:9 _IO_save_end 'char *'
| |-FieldDecl 0xe40ec0 <line:68:3, col:22> col:22 _markers 'struct _IO_marker *'
| |-FieldDecl 0xe40f90 <line:70:3, col:20> col:20 _chain 'struct _IO_FILE *'
| |-FieldDecl 0xe40ff8 <line:72:3, col:7> col:7 _fileno 'int'
| |-FieldDecl 0xe41060 <line:73:3, col:7> col:7 _flags2 'int'
| |-FieldDecl 0xe410c0 <line:74:3, col:11> col:11 _old_offset '__off_t':'long'
| |-FieldDecl 0xe41128 <line:77:3, col:18> col:18 _cur_column 'unsigned short'
| |-FieldDecl 0xe41190 <line:78:3, col:15> col:15 _vtable_offset 'signed char'
| |-FieldDecl 0xe41278 <line:79:3, col:19> col:8 _shortbuf 'char [1]'
| |-FieldDecl 0xe41328 <line:81:3, col:15> col:15 _lock '_IO_lock_t *'
| |-FieldDecl 0xe41388 <line:89:3, col:13> col:13 _offset '__off64_t':'long'
| |-FieldDecl 0xe41490 <line:91:3, col:23> col:23 _codecvt 'struct _IO_codecvt *'
| |-FieldDecl 0xe41590 <line:92:3, col:25> col:25 _wide_data 'struct _IO_wide_data *'
| |-FieldDecl 0xe41608 <line:93:3, col:20> col:20 _freeres_list 'struct _IO_FILE *'
| |-FieldDecl 0xe41670 <line:94:3, col:9> col:9 _freeres_buf 'void *'
| |-FieldDecl 0xe416f0 <line:95:3, col:10> col:10 __pad5 'size_t':'unsigned long'
| |-FieldDecl 0xe41758 <line:96:3, col:7> col:7 _mode 'int'
| `-FieldDecl 0xe419a8 <line:98:3, col:74> col:8 _unused2 'char [20]'
|-TypedefDecl 0xe43490 prev 0xe2a0b0 </usr/include/stdio.h:52:1, col:24> col:24 va_list '__gnuc_va_list':'struct __va_list_tag [1]'
| `-TypedefType 0xe41a00 '__gnuc_va_list' sugar
|   |-Typedef 0xe2a118 '__gnuc_va_list'
|   `-TypedefType 0xe2a080 '__builtin_va_list' sugar
|     |-Typedef 0xdb4008 '__builtin_va_list'
|     `-ConstantArrayType 0xdb3fb0 'struct __va_list_tag [1]' 1 
|       `-RecordType 0xdb3df0 'struct __va_list_tag'
|         `-Record 0xdb3d68 '__va_list_tag'
|-TypedefDecl 0xe434f8 <line:63:1, col:17> col:17 off_t '__off_t':'long'
| `-TypedefType 0xe3cf00 '__off_t' sugar
|   |-Typedef 0xe369f0 '__off_t'
|   `-BuiltinType 0xdb3180 'long'
|-TypedefDecl 0xe43580 <line:77:1, col:19> col:19 ssize_t '__ssize_t':'long'
| `-TypedefType 0xe43550 '__ssize_t' sugar
|   |-Typedef 0xe375f0 '__ssize_t'
|   `-BuiltinType 0xdb3180 'long'
|-TypedefDecl 0xe43610 <line:84:1, col:18> col:18 referenced fpos_t '__fpos_t':'struct _G_fpos_t'
| `-TypedefType 0xe435e0 '__fpos_t' sugar
|   |-Typedef 0xe3d058 '__fpos_t'
|   `-ElaboratedType 0xe3d000 'struct _G_fpos_t' sugar
|     `-RecordType 0xe3cee0 'struct _G_fpos_t'
|       `-Record 0xe3ce58 '_G_fpos_t'
|-VarDecl 0xe436c8 <line:137:1, col:14> col:14 stdin 'FILE *' extern
|-VarDecl 0xe43788 <line:138:1, col:14> col:14 stdout 'FILE *' extern
|-VarDecl 0xe43800 <line:139:1, col:14> col:14 stderr 'FILE *' extern
|-FunctionDecl 0xe43950 <line:146:1, /usr/include/x86_64-linux-gnu/sys/cdefs.h:55:54> /usr/include/stdio.h:146:12 remove 'int (const char *)' extern
| |-ParmVarDecl 0xe43880 <col:20, col:32> col:32 __filename 'const char *'
| `-NoThrowAttr 0xe439f8 </usr/include/x86_64-linux-gnu/sys/cdefs.h:55:35>
|-FunctionDecl 0xe43bc0 </usr/include/stdio.h:148:1, /usr/include/x86_64-linux-gnu/sys/cdefs.h:55:54> /usr/include/stdio.h:148:12 rename 'int (const char *, const char *)' extern
| |-ParmVarDecl 0xe43a68 <col:20, col:32> col:32 __old 'const char *'
| |-ParmVarDecl 0xe43ae8 <col:39, col:51> col:51 __new 'const char *'
| `-NoThrowAttr 0xe43c70 </usr/include/x86_64-linux-gnu/sys/cdefs.h:55:35>
|-FunctionDecl 0xe43f60 </usr/include/stdio.h:152:1, /usr/include/x86_64-linux-gnu/sys/cdefs.h:55:54> /usr/include/stdio.h:152:12 renameat 'int (int, const char *, int, const char *)' extern
| |-ParmVarDecl 0xe43ce0 <col:22, col:26> col:26 __oldfd 'int'
| |-ParmVarDecl 0xe43d60 <col:35, col:47> col:47 __old 'const char *'
| |-ParmVarDecl 0xe43de0 <col:54, col:58> col:58 __newfd 'int'
| |-ParmVarDecl 0xe43e60 <line:153:8, col:20> col:20 __new 'const char *'
| `-NoThrowAttr 0xe44020 </usr/include/x86_64-linux-gnu/sys/cdefs.h:55:35>
|-FunctionDecl 0xe44168 </usr/include/stdio.h:173:1, col:27> col:14 tmpfile 'FILE *(void)' extern
|-FunctionDecl 0xe442f0 <line:187:1, /usr/include/x86_64-linux-gnu/sys/cdefs.h:55:54> /usr/include/stdio.h:187:14 tmpnam 'char *(char *)' extern
| |-ParmVarDecl 0xe44220 <col:22, col:28> col:28 __s 'char *'
| `-NoThrowAttr 0xe44398 </usr/include/x86_64-linux-gnu/sys/cdefs.h:55:35>
|-FunctionDecl 0xe49b30 </usr/include/stdio.h:192:1, /usr/include/x86_64-linux-gnu/sys/cdefs.h:55:54> /usr/include/stdio.h:192:14 tmpnam_r 'char *(char *)' extern
| |-ParmVarDecl 0xe44408 <col:24, col:30> col:30 __s 'char *'
| `-NoThrowAttr 0xe49bd8 </usr/include/x86_64-linux-gnu/sys/cdefs.h:55:35>
|-FunctionDecl 0xe49da0 </usr/include/stdio.h:204:1, /usr/include/x86_64-linux-gnu/sys/cdefs.h:208:58> /usr/include/stdio.h:204:14 tempnam 'char *(const char *, const char *)' extern
| |-ParmVarDecl 0xe49c48 <col:23, col:35> col:35 __dir 'const char *'
| |-ParmVarDecl 0xe49cc8 <col:42, col:54> col:54 __pfx 'const char *'
| |-NoThrowAttr 0xe49e50 </usr/include/x86_64-linux-gnu/sys/cdefs.h:55:35>
| `-RestrictAttr 0xe49ea8 <line:208:47> malloc
|-FunctionDecl 0xe49fe0 </usr/include/stdio.h:213:1, col:34> col:12 fclose 'int (FILE *)' extern
| `-ParmVarDecl 0xe49ee0 <col:20, col:26> col:26 __stream 'FILE *'
|-FunctionDecl 0xe4a130 <line:218:1, col:34> col:12 fflush 'int (FILE *)' extern
| `-ParmVarDecl 0xe4a098 <col:20, col:26> col:26 __stream 'FILE *'
|-FunctionDecl 0xe4a280 <line:227:1, col:43> col:12 fflush_unlocked 'int (FILE *)' extern
| `-ParmVarDecl 0xe4a1e8 <col:29, col:35> col:35 __stream 'FILE *'
|-FunctionDecl 0xe4a518 <line:246:14> col:14 implicit fopen 'FILE *(const char *, const char *)' extern
| |-ParmVarDecl 0xe4a5b8 <<invalid sloc>> <invalid sloc> 'const char *'
| `-ParmVarDecl 0xe4a620 <<invalid sloc>> <invalid sloc> 'const char *'
|-FunctionDecl 0xe4a698 prev 0xe4a518 <col:1, line:247:37> line:246:14 fopen 'FILE *(const char *, const char *)' extern
| |-ParmVarDecl 0xe4a340 <col:21, col:44> col:44 __filename 'const char *restrict'
| `-ParmVarDecl 0xe4a3c0 <line:247:7, col:30> col:30 __modes 'const char *restrict'
|-FunctionDecl 0xe4a978 <line:252:1, line:254:34> line:252:14 freopen 'FILE *(const char *restrict, const char *restrict, FILE *restrict)' extern
| |-ParmVarDecl 0xe4a760 <col:23, col:46> col:46 __filename 'const char *restrict'
| |-ParmVarDecl 0xe4a7e0 <line:253:9, col:32> col:32 __modes 'const char *restrict'
| `-ParmVarDecl 0xe4a858 <line:254:9, col:26> col:26 __stream 'FILE *restrict'
|-FunctionDecl 0xe4bc38 <line:279:1, /usr/include/x86_64-linux-gnu/sys/cdefs.h:55:54> /usr/include/stdio.h:279:14 fdopen 'FILE *(int, const char *)' extern
| |-ParmVarDecl 0xe4aa48 <col:22, col:26> col:26 __fd 'int'
| |-ParmVarDecl 0xe4bb20 <col:32, col:44> col:44 __modes 'const char *'
| `-NoThrowAttr 0xe4bce8 </usr/include/x86_64-linux-gnu/sys/cdefs.h:55:35>
|-FunctionDecl 0xe4bf78 </usr/include/stdio.h:292:1, /usr/include/x86_64-linux-gnu/sys/cdefs.h:55:54> /usr/include/stdio.h:292:14 fmemopen 'FILE *(void *, size_t, const char *)' extern
| |-ParmVarDecl 0xe4bd58 <col:24, col:30> col:30 __s 'void *'
| |-ParmVarDecl 0xe4bdd0 <col:35, col:42> col:42 __len 'size_t':'unsigned long'
| |-ParmVarDecl 0xe4be50 <col:49, col:61> col:61 __modes 'const char *'
| `-NoThrowAttr 0xe4c030 </usr/include/x86_64-linux-gnu/sys/cdefs.h:55:35>
|-FunctionDecl 0xe4c2b8 </usr/include/stdio.h:298:1, /usr/include/x86_64-linux-gnu/sys/cdefs.h:55:54> /usr/include/stdio.h:298:14 open_memstream 'FILE *(char **, size_t *)' extern
| |-ParmVarDecl 0xe4c0d0 <col:30, col:37> col:37 __bufloc 'char **'
| |-ParmVarDecl 0xe4c1a8 <col:47, col:55> col:55 __sizeloc 'size_t *'
| `-NoThrowAttr 0xe4c368 </usr/include/x86_64-linux-gnu/sys/cdefs.h:55:35>
|-FunctionDecl 0xe4c568 </usr/include/stdio.h:304:1, /usr/include/x86_64-linux-gnu/sys/cdefs.h:55:54> /usr/include/stdio.h:304:13 setbuf 'void (FILE *restrict, char *restrict)' extern
| |-ParmVarDecl 0xe4c3d0 <col:21, col:38> col:38 __stream 'FILE *restrict'
| |-ParmVarDecl 0xe4c450 <col:48, col:65> col:65 __buf 'char *restrict'
| `-NoThrowAttr 0xe4c618 </usr/include/x86_64-linux-gnu/sys/cdefs.h:55:35>
|-FunctionDecl 0xe4c940 </usr/include/stdio.h:308:1, /usr/include/x86_64-linux-gnu/sys/cdefs.h:55:54> /usr/include/stdio.h:308:12 setvbuf 'int (FILE *restrict, char *restrict, int, size_t)' extern
| |-ParmVarDecl 0xe4c680 <col:21, col:38> col:38 __stream 'FILE *restrict'
| |-ParmVarDecl 0xe4c700 <col:48, col:65> col:65 __buf 'char *restrict'
| |-ParmVarDecl 0xe4c780 <line:309:7, col:11> col:11 __modes 'int'
| |-ParmVarDecl 0xe4c7f8 <col:20, col:27> col:27 __n 'size_t':'unsigned long'
| `-NoThrowAttr 0xe4ca00 </usr/include/x86_64-linux-gnu/sys/cdefs.h:55:35>
|-FunctionDecl 0xe4ccc8 </usr/include/stdio.h:314:1, /usr/include/x86_64-linux-gnu/sys/cdefs.h:55:54> /usr/include/stdio.h:314:13 setbuffer 'void (FILE *restrict, char *restrict, size_t)' extern
| |-ParmVarDecl 0xe4ca68 <col:24, col:41> col:41 __stream 'FILE *restrict'
| |-ParmVarDecl 0xe4cb30 <col:51, col:68> col:68 __buf 'char *restrict'
| |-ParmVarDecl 0xe4cba8 <line:315:10, col:17> col:17 __size 'size_t':'unsigned long'
| `-NoThrowAttr 0xe4cd80 </usr/include/x86_64-linux-gnu/sys/cdefs.h:55:35>
|-FunctionDecl 0xe4ced8 </usr/include/stdio.h:318:1, /usr/include/x86_64-linux-gnu/sys/cdefs.h:55:54> /usr/include/stdio.h:318:13 setlinebuf 'void (FILE *)' extern
| |-ParmVarDecl 0xe4cde8 <col:25, col:31> col:31 __stream 'FILE *'
| `-NoThrowAttr 0xe4cf80 </usr/include/x86_64-linux-gnu/sys/cdefs.h:55:35>
|-FunctionDecl 0xe4d1d0 </usr/include/stdio.h:326:12> col:12 implicit fprintf 'int (FILE *, const char *, ...)' extern
| |-ParmVarDecl 0xe4d270 <<invalid sloc>> <invalid sloc> 'FILE *'
| |-ParmVarDecl 0xe4d2d8 <<invalid sloc>> <invalid sloc> 'const char *'
| `-FormatAttr 0xe4d350 <col:12> Implicit printf 2 3
|-FunctionDecl 0xe4d3b8 prev 0xe4d1d0 <col:1, line:327:43> line:326:12 fprintf 'int (FILE *, const char *, ...)' extern
| |-ParmVarDecl 0xe4cfe8 <col:21, col:38> col:38 __stream 'FILE *restrict'
| |-ParmVarDecl 0xe4d068 <line:327:7, col:30> col:30 __format 'const char *restrict'
| `-FormatAttr 0xe4d498 <line:326:12> Inherited printf 2 3
|-FunctionDecl 0xe4d5f8 <line:332:12> col:12 implicit used printf 'int (const char *, ...)' extern
| |-ParmVarDecl 0xe4d698 <<invalid sloc>> <invalid sloc> 'const char *'
| `-FormatAttr 0xe4d708 <col:12> Implicit printf 1 2
|-FunctionDecl 0xe4d770 prev 0xe4d5f8 <col:1, col:56> col:12 used printf 'int (const char *, ...)' extern
| |-ParmVarDecl 0xe4d4e8 <col:20, col:43> col:43 __format 'const char *restrict'
| `-FormatAttr 0xe4d848 <col:12> Inherited printf 1 2
|-FunctionDecl 0xe4da38 <line:334:12> col:12 implicit sprintf 'int (char *, const char *, ...)' extern
| |-ParmVarDecl 0xe4db40 <<invalid sloc>> <invalid sloc> 'char *'
| |-ParmVarDecl 0xe4dba8 <<invalid sloc>> <invalid sloc> 'const char *'
| `-FormatAttr 0xe4dc20 <col:12> Implicit printf 2 3
|-FunctionDecl 0xe4dc88 prev 0xe4da38 <col:1, /usr/include/x86_64-linux-gnu/sys/cdefs.h:56:49> /usr/include/stdio.h:334:12 sprintf 'int (char *, const char *, ...)' extern
| |-ParmVarDecl 0xe4d898 <col:21, col:38> col:38 __s 'char *restrict'
| |-ParmVarDecl 0xe4d918 <line:335:7, col:30> col:30 __format 'const char *restrict'
| |-FormatAttr 0xe4dd90 <line:334:12> Inherited printf 2 3
| `-NoThrowAttr 0xe4dd38 </usr/include/x86_64-linux-gnu/sys/cdefs.h:56:37>
|-FunctionDecl 0xe4e0a0 </usr/include/stdio.h:341:12> col:12 implicit vfprintf 'int (FILE *, const char *, struct __va_list_tag *)' extern
| |-ParmVarDecl 0xe4e140 <<invalid sloc>> <invalid sloc> 'FILE *'
| |-ParmVarDecl 0xe4e1a8 <<invalid sloc>> <invalid sloc> 'const char *'
| |-ParmVarDecl 0xe4e210 <<invalid sloc>> <invalid sloc> 'struct __va_list_tag *'
| `-FormatAttr 0xe4e290 <col:12> Implicit printf 2 0
|-FunctionDecl 0xe4e2f8 prev 0xe4e0a0 <col:1, line:342:28> line:341:12 vfprintf 'int (FILE *, const char *, struct __va_list_tag *)' extern
| |-ParmVarDecl 0xe4ddd8 <col:22, col:39> col:39 __s 'FILE *restrict'
| |-ParmVarDecl 0xe4de58 <col:44, col:67> col:67 __format 'const char *restrict'
| |-ParmVarDecl 0xe4df30 <line:342:8, col:23> col:23 __arg 'struct __va_list_tag *':'struct __va_list_tag *'
| `-FormatAttr 0xe4e3e0 <line:341:12> Inherited printf 2 0
|-FunctionDecl 0xe4e5c0 <line:347:12> col:12 implicit vprintf 'int (const char *, struct __va_list_tag *)' extern
| |-ParmVarDecl 0xe4e660 <<invalid sloc>> <invalid sloc> 'const char *'
| |-ParmVarDecl 0xe4e6c8 <<invalid sloc>> <invalid sloc> 'struct __va_list_tag *'
| `-FormatAttr 0xe4e740 <col:12> Implicit printf 1 0
|-FunctionDecl 0xe4e7a8 prev 0xe4e5c0 <col:1, col:74> col:12 vprintf 'int (const char *, struct __va_list_tag *)' extern
| |-ParmVarDecl 0xe4e430 <col:21, col:44> col:44 __format 'const char *restrict'
| |-ParmVarDecl 0xe4e4a8 <col:54, col:69> col:69 __arg 'struct __va_list_tag *':'struct __va_list_tag *'
| `-FormatAttr 0xe4e888 <col:12> Inherited printf 1 0
|-FunctionDecl 0xe4ebf0 <line:349:12> col:12 implicit vsprintf 'int (char *, const char *, struct __va_list_tag *)' extern
| |-ParmVarDecl 0xe4ec90 <<invalid sloc>> <invalid sloc> 'char *'
| |-ParmVarDecl 0xe4ecf8 <<invalid sloc>> <invalid sloc> 'const char *'
| |-ParmVarDecl 0xe4ed60 <<invalid sloc>> <invalid sloc> 'struct __va_list_tag *'
| `-FormatAttr 0xe4ede0 <col:12> Implicit printf 2 0
|-FunctionDecl 0xe4ee48 prev 0xe4ebf0 <col:1, /usr/include/x86_64-linux-gnu/sys/cdefs.h:56:49> /usr/include/stdio.h:349:12 vsprintf 'int (char *, const char *, struct __va_list_tag *)' extern
| |-ParmVarDecl 0xe4e8d8 <col:22, col:39> col:39 __s 'char *restrict'
| |-ParmVarDecl 0xe4e958 <col:44, col:67> col:67 __format 'const char *restrict'
| |-ParmVarDecl 0xe4e9d0 <line:350:8, col:23> col:23 __arg 'struct __va_list_tag *':'struct __va_list_tag *'
| |-FormatAttr 0xe4ef58 <line:349:12> Inherited printf 2 0
| `-NoThrowAttr 0xe4ef00 </usr/include/x86_64-linux-gnu/sys/cdefs.h:56:37>
|-FunctionDecl 0xe4f238 </usr/include/stdio.h:354:12> col:12 implicit snprintf 'int (char *, unsigned long, const char *, ...)' extern
| |-ParmVarDecl 0xe4f2d8 <<invalid sloc>> <invalid sloc> 'char *'
| |-ParmVarDecl 0xe4f340 <<invalid sloc>> <invalid sloc> 'unsigned long'
| |-ParmVarDecl 0xe4f3a8 <<invalid sloc>> <invalid sloc> 'const char *'
| `-FormatAttr 0xe4f428 <col:12> Implicit printf 3 4
|-FunctionDecl 0xe4f490 prev 0xe4f238 <col:1, line:356:62> line:354:12 snprintf 'int (char *, unsigned long, const char *, ...)' extern
| |-ParmVarDecl 0xe4efa8 <col:22, col:39> col:39 __s 'char *restrict'
| |-ParmVarDecl 0xe4f020 <col:44, col:51> col:51 __maxlen 'size_t':'unsigned long'
| |-ParmVarDecl 0xe4f0a0 <line:355:8, col:31> col:31 __format 'const char *restrict'
| |-NoThrowAttr 0xe4f548 </usr/include/x86_64-linux-gnu/sys/cdefs.h:56:37>
| `-FormatAttr 0xe4f5a0 </usr/include/stdio.h:356:32, col:60> printf 3 4
|-FunctionDecl 0xe4f900 <line:358:12> col:12 implicit vsnprintf 'int (char *, unsigned long, const char *, struct __va_list_tag *)' extern
| |-ParmVarDecl 0xe4f9a0 <<invalid sloc>> <invalid sloc> 'char *'
| |-ParmVarDecl 0xe4fa08 <<invalid sloc>> <invalid sloc> 'unsigned long'
| |-ParmVarDecl 0xe4fa70 <<invalid sloc>> <invalid sloc> 'const char *'
| |-ParmVarDecl 0xe4fad8 <<invalid sloc>> <invalid sloc> 'struct __va_list_tag *'
| `-FormatAttr 0xe4fb60 <col:12> Implicit printf 3 0
|-FunctionDecl 0xe4fc00 prev 0xe4f900 <col:1, line:360:62> line:358:12 vsnprintf 'int (char *, unsigned long, const char *, struct __va_list_tag *)' extern
| |-ParmVarDecl 0xe4f5f0 <col:23, col:40> col:40 __s 'char *restrict'
| |-ParmVarDecl 0xe4f668 <col:45, col:52> col:52 __maxlen 'size_t':'unsigned long'
| |-ParmVarDecl 0xe4f6e8 <line:359:9, col:32> col:32 __format 'const char *restrict'
| |-ParmVarDecl 0xe4f760 <col:42, col:57> col:57 __arg 'struct __va_list_tag *':'struct __va_list_tag *'
| |-NoThrowAttr 0xe4fcc0 </usr/include/x86_64-linux-gnu/sys/cdefs.h:56:37>
| `-FormatAttr 0xe4fd18 </usr/include/stdio.h:360:32, col:60> printf 3 0
|-FunctionDecl 0xe4ffe0 <line:379:1, line:381:52> line:379:12 vdprintf 'int (int, const char *restrict, struct __va_list_tag *)' extern
| |-ParmVarDecl 0xe4fd68 <col:22, col:26> col:26 __fd 'int'
| |-ParmVarDecl 0xe4fde8 <col:32, col:55> col:55 __fmt 'const char *restrict'
| |-ParmVarDecl 0xe4fe60 <line:380:8, col:23> col:23 __arg 'struct __va_list_tag *':'struct __va_list_tag *'
| `-FormatAttr 0xe50098 <line:381:22, col:50> printf 2 0
|-FunctionDecl 0xe50308 <line:382:1, line:383:52> line:382:12 dprintf 'int (int, const char *restrict, ...)' extern
| |-ParmVarDecl 0xe50118 <col:21, col:25> col:25 __fd 'int'
| |-ParmVarDecl 0xe50198 <col:31, col:54> col:54 __fmt 'const char *restrict'
| `-FormatAttr 0xe503b8 <line:383:22, col:50> printf 2 3
|-FunctionDecl 0xe50550 <line:391:12> col:12 implicit fscanf 'int (FILE *restrict, const char *restrict, ...)' extern
| |-ParmVarDecl 0xe505f0 <<invalid sloc>> <invalid sloc> 'FILE *restrict'
| |-ParmVarDecl 0xe50658 <<invalid sloc>> <invalid sloc> 'const char *restrict'
| `-FormatAttr 0xe506d0 <col:12> Implicit scanf 2 3
|-FunctionDecl 0xe50738 prev 0xe50550 <col:1, line:392:42> line:391:12 fscanf 'int (FILE *restrict, const char *restrict, ...)' extern
| |-ParmVarDecl 0xe50430 <col:20, col:37> col:37 __stream 'FILE *restrict'
| |-ParmVarDecl 0xe504b0 <line:392:6, col:29> col:29 __format 'const char *restrict'
| `-FormatAttr 0xe50818 <line:391:12> Inherited scanf 2 3
|-FunctionDecl 0xe50900 <line:397:12> col:12 implicit used scanf 'int (const char *restrict, ...)' extern
| |-ParmVarDecl 0xe509a0 <<invalid sloc>> <invalid sloc> 'const char *restrict'
| `-FormatAttr 0xe50a10 <col:12> Implicit scanf 1 2
|-FunctionDecl 0xe50a78 prev 0xe50900 <col:1, col:55> col:12 used scanf 'int (const char *restrict, ...)' extern
| |-ParmVarDecl 0xe50868 <col:19, col:42> col:42 __format 'const char *restrict'
| `-FormatAttr 0xe50b50 <col:12> Inherited scanf 1 2
|-FunctionDecl 0xe51dd8 <line:399:12> col:12 implicit sscanf 'int (const char *restrict, const char *restrict, ...)' extern
| |-ParmVarDecl 0xe51e78 <<invalid sloc>> <invalid sloc> 'const char *restrict'
| |-ParmVarDecl 0xe51ee0 <<invalid sloc>> <invalid sloc> 'const char *restrict'
| `-FormatAttr 0xe51f58 <col:12> Implicit scanf 2 3
|-FunctionDecl 0xe51fc0 prev 0xe51dd8 <col:1, /usr/include/x86_64-linux-gnu/sys/cdefs.h:55:54> /usr/include/stdio.h:399:12 sscanf 'int (const char *restrict, const char *restrict, ...)' extern
| |-ParmVarDecl 0xe51c30 <col:20, col:43> col:43 __s 'const char *restrict'
| |-ParmVarDecl 0xe51cb0 <line:400:6, col:29> col:29 __format 'const char *restrict'
| |-FormatAttr 0xe520c8 <line:399:12> Inherited scanf 2 3
| `-NoThrowAttr 0xe52070 </usr/include/x86_64-linux-gnu/sys/cdefs.h:55:35>
|-FunctionDecl 0xe522a0 prev 0xe50738 </usr/include/stdio.h:407:1, /usr/include/x86_64-linux-gnu/sys/cdefs.h:174:79> /usr/include/stdio.h:407:24 fscanf 'int (FILE *restrict, const char *restrict, ...)' extern
| |-ParmVarDecl 0xe52110 <col:33, col:50> col:50 __stream 'FILE *restrict'
| |-ParmVarDecl 0xe52190 <line:408:5, col:28> col:28 __format 'const char *restrict'
| |-FormatAttr 0xe523c8 <line:391:12> Inherited scanf 2 3
| `-AsmLabelAttr 0xe52340 <<scratch space>:14:1> "__isoc99_fscanf" IsLiteralLabel
|-FunctionDecl 0xe52518 prev 0xe50a78 </usr/include/stdio.h:410:1, /usr/include/x86_64-linux-gnu/sys/cdefs.h:174:79> /usr/include/stdio.h:410:24 used scanf 'int (const char *restrict, ...)' extern
| |-ParmVarDecl 0xe52418 <col:32, col:55> col:55 __format 'const char *restrict'
| |-FormatAttr 0xe52638 <line:397:12> Inherited scanf 1 2
| `-AsmLabelAttr 0xe525b8 <<scratch space>:16:1> "__isoc99_scanf" IsLiteralLabel
|-FunctionDecl 0xe527d8 prev 0xe51fc0 </usr/include/stdio.h:412:1, /usr/include/x86_64-linux-gnu/sys/cdefs.h:55:54> /usr/include/stdio.h:412:28 sscanf 'int (const char *restrict, const char *restrict, ...)' extern
| |-ParmVarDecl 0xe52688 <col:37, col:60> col:60 __s 'const char *restrict'
| |-ParmVarDecl 0xe52708 <line:413:9, col:32> col:32 __format 'const char *restrict'
| |-FormatAttr 0xe52928 <line:399:12> Inherited scanf 2 3
| |-AsmLabelAttr 0xe52878 <<scratch space>:18:1> "__isoc99_sscanf" IsLiteralLabel
| `-NoThrowAttr 0xe52900 </usr/include/x86_64-linux-gnu/sys/cdefs.h:55:35>
|-FunctionDecl 0xe53510 </usr/include/stdio.h:432:12> col:12 implicit vfscanf 'int (FILE *restrict, const char *restrict, struct __va_list_tag *)' extern
| |-ParmVarDecl 0xe535b0 <<invalid sloc>> <invalid sloc> 'FILE *restrict'
| |-ParmVarDecl 0xe53618 <<invalid sloc>> <invalid sloc> 'const char *restrict'
| |-ParmVarDecl 0xe53680 <<invalid sloc>> <invalid sloc> 'struct __va_list_tag *'
| `-FormatAttr 0xe53700 <col:12> Implicit scanf 2 0
|-FunctionDecl 0xe53768 prev 0xe53510 <col:1, line:434:51> line:432:12 vfscanf 'int (FILE *restrict, const char *restrict, struct __va_list_tag *)' extern
| |-ParmVarDecl 0xe52970 <col:21, col:38> col:38 __s 'FILE *restrict'
| |-ParmVarDecl 0xe529f0 <col:43, col:66> col:66 __format 'const char *restrict'
| |-ParmVarDecl 0xe52a68 <line:433:7, col:22> col:22 __arg 'struct __va_list_tag *':'struct __va_list_tag *'
| `-FormatAttr 0xe53820 <line:434:22, col:49> scanf 2 0
|-FunctionDecl 0xe53a48 <line:440:12> col:12 implicit vscanf 'int (const char *restrict, struct __va_list_tag *)' extern
| |-ParmVarDecl 0xe53ae8 <<invalid sloc>> <invalid sloc> 'const char *restrict'
| |-ParmVarDecl 0xe53b50 <<invalid sloc>> <invalid sloc> 'struct __va_list_tag *'
| `-FormatAttr 0xe53bc8 <col:12> Implicit scanf 1 0
|-FunctionDecl 0xe53c30 prev 0xe53a48 <col:1, line:441:51> line:440:12 vscanf 'int (const char *restrict, struct __va_list_tag *)' extern
| |-ParmVarDecl 0xe538a0 <col:20, col:43> col:43 __format 'const char *restrict'
| |-ParmVarDecl 0xe53918 <col:53, col:68> col:68 __arg 'struct __va_list_tag *':'struct __va_list_tag *'
| `-FormatAttr 0xe53ce0 <line:441:22, col:49> scanf 1 0
|-FunctionDecl 0xe54010 <line:444:12> col:12 implicit vsscanf 'int (const char *restrict, const char *restrict, struct __va_list_tag *)' extern
| |-ParmVarDecl 0xe540b0 <<invalid sloc>> <invalid sloc> 'const char *restrict'
| |-ParmVarDecl 0xe54118 <<invalid sloc>> <invalid sloc> 'const char *restrict'
| |-ParmVarDecl 0xe54180 <<invalid sloc>> <invalid sloc> 'struct __va_list_tag *'
| `-FormatAttr 0xe54200 <col:12> Implicit scanf 2 0
|-FunctionDecl 0xe54268 prev 0xe54010 <col:1, line:446:59> line:444:12 vsscanf 'int (const char *restrict, const char *restrict, struct __va_list_tag *)' extern
| |-ParmVarDecl 0xe53d60 <col:21, col:44> col:44 __s 'const char *restrict'
| |-ParmVarDecl 0xe53de0 <line:445:7, col:30> col:30 __format 'const char *restrict'
| |-ParmVarDecl 0xe53e58 <col:40, col:55> col:55 __arg 'struct __va_list_tag *':'struct __va_list_tag *'
| |-NoThrowAttr 0xe54320 </usr/include/x86_64-linux-gnu/sys/cdefs.h:55:35>
| `-FormatAttr 0xe54378 </usr/include/stdio.h:446:30, col:57> scanf 2 0
|-FunctionDecl 0xe54f18 prev 0xe53768 <line:451:1, line:455:51> line:451:24 vfscanf 'int (FILE *restrict, const char *restrict, struct __va_list_tag *)' extern
| |-ParmVarDecl 0xe543c0 <line:452:11, col:28> col:28 __s 'FILE *restrict'
| |-ParmVarDecl 0xe54440 <line:453:4, col:27> col:27 __format 'const char *restrict'
| |-ParmVarDecl 0xe54db0 <col:37, col:52> col:52 __arg 'struct __va_list_tag *':'struct __va_list_tag *'
| |-AsmLabelAttr 0xe54fb8 <<scratch space>:21:1> "__isoc99_vfscanf" IsLiteralLabel
| `-FormatAttr 0xe55048 </usr/include/stdio.h:455:22, col:49> scanf 2 0
|-FunctionDecl 0xe55230 prev 0xe53c30 <line:456:1, line:458:51> line:456:24 vscanf 'int (const char *restrict, struct __va_list_tag *)' extern
| |-ParmVarDecl 0xe55098 <col:33, col:56> col:56 __format 'const char *restrict'
| |-ParmVarDecl 0xe55110 <line:457:5, col:20> col:20 __arg 'struct __va_list_tag *':'struct __va_list_tag *'
| |-AsmLabelAttr 0xe552d0 <<scratch space>:23:1> "__isoc99_vscanf" IsLiteralLabel
| `-FormatAttr 0xe55358 </usr/include/stdio.h:458:22, col:49> scanf 1 0
|-FunctionDecl 0xe555c8 prev 0xe54268 <line:459:1, line:463:51> line:459:28 vsscanf 'int (const char *restrict, const char *restrict, struct __va_list_tag *)' extern
| |-ParmVarDecl 0xe553a8 <line:460:8, col:31> col:31 __s 'const char *restrict'
| |-ParmVarDecl 0xe55428 <line:461:8, col:31> col:31 __format 'const char *restrict'
| |-ParmVarDecl 0xe554a0 <line:462:8, col:23> col:23 __arg 'struct __va_list_tag *':'struct __va_list_tag *'
| |-AsmLabelAttr 0xe55668 <<scratch space>:25:1> "__isoc99_vsscanf" IsLiteralLabel
| |-NoThrowAttr 0xe556f8 </usr/include/x86_64-linux-gnu/sys/cdefs.h:55:35>
| `-FormatAttr 0xe55720 </usr/include/stdio.h:463:22, col:49> scanf 2 0
|-FunctionDecl 0xe55800 <line:485:1, col:33> col:12 fgetc 'int (FILE *)' extern
| `-ParmVarDecl 0xe55768 <col:19, col:25> col:25 __stream 'FILE *'
|-FunctionDecl 0xe55950 <line:486:1, col:32> col:12 getc 'int (FILE *)' extern
| `-ParmVarDecl 0xe558b8 <col:18, col:24> col:24 __stream 'FILE *'
|-FunctionDecl 0xe55ac0 <line:492:1, col:25> col:12 getchar 'int (void)' extern
|-FunctionDecl 0xe55c08 <line:499:1, col:41> col:12 getc_unlocked 'int (FILE *)' extern
| `-ParmVarDecl 0xe55b70 <col:27, col:33> col:33 __stream 'FILE *'
|-FunctionDecl 0xe56190 <line:500:1, col:34> col:12 getchar_unlocked 'int (void)' extern
|-FunctionDecl 0xe562d8 <line:510:1, col:42> col:12 fgetc_unlocked 'int (FILE *)' extern
| `-ParmVarDecl 0xe56240 <col:28, col:34> col:34 __stream 'FILE *'
|-FunctionDecl 0xe56530 <line:521:1, col:42> col:12 fputc 'int (int, FILE *)' extern
| |-ParmVarDecl 0xe56398 <col:19, col:23> col:23 __c 'int'
| `-ParmVarDecl 0xe56410 <col:28, col:34> col:34 __stream 'FILE *'
|-FunctionDecl 0xe56710 <line:522:1, col:41> col:12 putc 'int (int, FILE *)' extern
| |-ParmVarDecl 0xe565f8 <col:18, col:22> col:22 __c 'int'
| `-ParmVarDecl 0xe56670 <col:27, col:33> col:33 __stream 'FILE *'
|-FunctionDecl 0xe568a0 <line:528:1, col:28> col:12 putchar 'int (int)' extern
| `-ParmVarDecl 0xe567d8 <col:21, col:25> col:25 __c 'int'
|-FunctionDecl 0xe56a78 <line:537:1, col:51> col:12 fputc_unlocked 'int (int, FILE *)' extern
| |-ParmVarDecl 0xe56960 <col:28, col:32> col:32 __c 'int'
| `-ParmVarDecl 0xe569d8 <col:37, col:43> col:43 __stream 'FILE *'
|-FunctionDecl 0xe56c58 <line:545:1, col:50> col:12 putc_unlocked 'int (int, FILE *)' extern
| |-ParmVarDecl 0xe56b40 <col:27, col:31> col:31 __c 'int'
| `-ParmVarDecl 0xe56bb8 <col:36, col:42> col:42 __stream 'FILE *'
|-FunctionDecl 0xe56db8 <line:546:1, col:37> col:12 putchar_unlocked 'int (int)' extern
| `-ParmVarDecl 0xe56d20 <col:30, col:34> col:34 __c 'int'
|-FunctionDecl 0xe56f08 <line:553:1, col:32> col:12 getw 'int (FILE *)' extern
| `-ParmVarDecl 0xe56e70 <col:18, col:24> col:24 __stream 'FILE *'
|-FunctionDecl 0xe570e0 <line:556:1, col:41> col:12 putw 'int (int, FILE *)' extern
| |-ParmVarDecl 0xe56fc8 <col:18, col:22> col:22 __w 'int'
| `-ParmVarDecl 0xe57040 <col:27, col:33> col:33 __stream 'FILE *'
|-FunctionDecl 0xe573e0 <line:564:1, col:77> col:14 fgets 'char *(char *restrict, int, FILE *restrict)' extern
| |-ParmVarDecl 0xe571b8 <col:21, col:38> col:38 __s 'char *restrict'
| |-ParmVarDecl 0xe57238 <col:43, col:47> col:47 __n 'int'
| `-ParmVarDecl 0xe572b0 <col:52, col:69> col:69 __stream 'FILE *restrict'
|-FunctionDecl 0xe57768 <line:603:1, line:605:55> line:603:18 __getdelim '__ssize_t (char **restrict, size_t *restrict, int, FILE *restrict)' extern
| |-ParmVarDecl 0xe574b0 <col:30, col:48> col:48 __lineptr 'char **restrict'
| |-ParmVarDecl 0xe57528 <line:604:30, col:49> col:49 __n 'size_t *restrict'
| |-ParmVarDecl 0xe575a8 <col:54, col:58> col:58 __delimiter 'int'
| `-ParmVarDecl 0xe57620 <line:605:30, col:47> col:47 __stream 'FILE *restrict'
|-FunctionDecl 0xe57a58 <line:606:1, line:608:53> line:606:18 getdelim '__ssize_t (char **restrict, size_t *restrict, int, FILE *restrict)' extern
| |-ParmVarDecl 0xe57840 <col:28, col:46> col:46 __lineptr 'char **restrict'
| |-ParmVarDecl 0xe578b8 <line:607:28, col:47> col:47 __n 'size_t *restrict'
| |-ParmVarDecl 0xe57938 <col:52, col:56> col:56 __delimiter 'int'
| `-ParmVarDecl 0xe579b0 <line:608:28, col:45> col:45 __stream 'FILE *restrict'
|-FunctionDecl 0xe57d48 <line:616:1, line:618:52> line:616:18 getline '__ssize_t (char **restrict, size_t *restrict, FILE *restrict)' extern
| |-ParmVarDecl 0xe57b30 <col:27, col:45> col:45 __lineptr 'char **restrict'
| |-ParmVarDecl 0xe57ba8 <line:617:27, col:46> col:46 __n 'size_t *restrict'
| `-ParmVarDecl 0xe57c20 <line:618:27, col:44> col:44 __stream 'FILE *restrict'
|-FunctionDecl 0xe57fb0 <line:626:1, col:72> col:12 fputs 'int (const char *restrict, FILE *restrict)' extern
| |-ParmVarDecl 0xe57e18 <col:19, col:42> col:42 __s 'const char *restrict'
| `-ParmVarDecl 0xe57e90 <col:47, col:64> col:64 __stream 'FILE *restrict'
|-FunctionDecl 0xe581b0 <line:632:1, col:33> col:12 puts 'int (const char *)' extern
| `-ParmVarDecl 0xe58078 <col:18, col:30> col:30 __s 'const char *'
|-FunctionDecl 0xe58388 <line:639:1, col:43> col:12 ungetc 'int (int, FILE *)' extern
| |-ParmVarDecl 0xe58270 <col:20, col:24> col:24 __c 'int'
| `-ParmVarDecl 0xe582e8 <col:29, col:35> col:35 __stream 'FILE *'
|-FunctionDecl 0xe58748 <line:646:15> col:15 implicit fread 'unsigned long (void *, unsigned long, unsigned long, FILE *)' extern
| |-ParmVarDecl 0xe587e8 <<invalid sloc>> <invalid sloc> 'void *'
| |-ParmVarDecl 0xe58850 <<invalid sloc>> <invalid sloc> 'unsigned long'
| |-ParmVarDecl 0xe588b8 <<invalid sloc>> <invalid sloc> 'unsigned long'
| `-ParmVarDecl 0xe58920 <<invalid sloc>> <invalid sloc> 'FILE *'
|-FunctionDecl 0xe589a8 prev 0xe58748 <col:1, line:647:45> line:646:15 fread 'unsigned long (void *, unsigned long, unsigned long, FILE *)' extern
| |-ParmVarDecl 0xe58450 <col:22, col:39> col:39 __ptr 'void *restrict'
| |-ParmVarDecl 0xe584c8 <col:46, col:53> col:53 __size 'size_t':'unsigned long'
| |-ParmVarDecl 0xe58540 <line:647:8, col:15> col:15 __n 'size_t':'unsigned long'
| `-ParmVarDecl 0xe585b8 <col:20, col:37> col:37 __stream 'FILE *restrict'
|-FunctionDecl 0xe58da8 <line:652:15> col:15 implicit fwrite 'unsigned long (const void *, unsigned long, unsigned long, FILE *)' extern
| |-ParmVarDecl 0xe58e48 <<invalid sloc>> <invalid sloc> 'const void *'
| |-ParmVarDecl 0xe58eb0 <<invalid sloc>> <invalid sloc> 'unsigned long'
| |-ParmVarDecl 0xe58f18 <<invalid sloc>> <invalid sloc> 'unsigned long'
| `-ParmVarDecl 0xe58f80 <<invalid sloc>> <invalid sloc> 'FILE *'
|-FunctionDecl 0xe59008 prev 0xe58da8 <col:1, line:653:41> line:652:15 fwrite 'unsigned long (const void *, unsigned long, unsigned long, FILE *)' extern
| |-ParmVarDecl 0xe58ab0 <col:23, col:46> col:46 __ptr 'const void *restrict'
| |-ParmVarDecl 0xe58b28 <col:53, col:60> col:60 __size 'size_t':'unsigned long'
| |-ParmVarDecl 0xe58ba0 <line:653:9, col:16> col:16 __n 'size_t':'unsigned long'
| `-ParmVarDecl 0xe58c18 <col:21, col:38> col:38 __s 'FILE *restrict'
|-FunctionDecl 0xe59358 <line:673:1, line:674:47> line:673:15 fread_unlocked 'size_t (void *restrict, size_t, size_t, FILE *restrict)' extern
| |-ParmVarDecl 0xe590e0 <col:31, col:48> col:48 __ptr 'void *restrict'
| |-ParmVarDecl 0xe591c0 <col:55, col:62> col:62 __size 'size_t':'unsigned long'
| |-ParmVarDecl 0xe59238 <line:674:10, col:17> col:17 __n 'size_t':'unsigned long'
| `-ParmVarDecl 0xe592b0 <col:22, col:39> col:39 __stream 'FILE *restrict'
|-FunctionDecl 0xe59640 <line:675:1, line:676:48> line:675:15 fwrite_unlocked 'size_t (const void *restrict, size_t, size_t, FILE *restrict)' extern
| |-ParmVarDecl 0xe59430 <col:32, col:55> col:55 __ptr 'const void *restrict'
| |-ParmVarDecl 0xe594a8 <col:62, col:69> col:69 __size 'size_t':'unsigned long'
| |-ParmVarDecl 0xe59520 <line:676:11, col:18> col:18 __n 'size_t':'unsigned long'
| `-ParmVarDecl 0xe59598 <col:23, col:40> col:40 __stream 'FILE *restrict'
|-FunctionDecl 0xe59940 <line:684:1, col:63> col:12 fseek 'int (FILE *, long, int)' extern
| |-ParmVarDecl 0xe59710 <col:19, col:25> col:25 __stream 'FILE *'
| |-ParmVarDecl 0xe59790 <col:35, col:44> col:44 __off 'long'
| `-ParmVarDecl 0xe59810 <col:51, col:55> col:55 __whence 'int'
|-FunctionDecl 0xe59b00 <line:689:1, col:38> col:17 ftell 'long (FILE *)' extern
| `-ParmVarDecl 0xe59a08 <col:24, col:30> col:30 __stream 'FILE *'
|-FunctionDecl 0xe59c48 <line:694:1, col:35> col:13 rewind 'void (FILE *)' extern
| `-ParmVarDecl 0xe59bb8 <col:21, col:27> col:27 __stream 'FILE *'
|-FunctionDecl 0xe59ee0 <line:707:1, col:63> col:12 fseeko 'int (FILE *, __off_t, int)' extern
| |-ParmVarDecl 0xe59d00 <col:20, col:26> col:26 __stream 'FILE *'
| |-ParmVarDecl 0xe59d78 <col:36, col:44> col:44 __off '__off_t':'long'
| `-ParmVarDecl 0xe59df8 <col:51, col:55> col:55 __whence 'int'
|-FunctionDecl 0xe5a068 <line:712:1, col:38> col:16 ftello '__off_t (FILE *)' extern
| `-ParmVarDecl 0xe59fa8 <col:24, col:30> col:30 __stream 'FILE *'
|-FunctionDecl 0xe5b360 <line:731:1, col:72> col:12 fgetpos 'int (FILE *restrict, fpos_t *restrict)' extern
| |-ParmVarDecl 0xe5a120 <col:21, col:38> col:38 __stream 'FILE *restrict'
| `-ParmVarDecl 0xe5b248 <col:48, col:67> col:67 __pos 'fpos_t *restrict'
|-FunctionDecl 0xe5b610 <line:736:1, col:56> col:12 fsetpos 'int (FILE *, const fpos_t *)' extern
| |-ParmVarDecl 0xe5b420 <col:21, col:27> col:27 __stream 'FILE *'
| `-ParmVarDecl 0xe5b4f8 <col:37, col:51> col:51 __pos 'const fpos_t *'
|-FunctionDecl 0xe5b760 <line:757:1, /usr/include/x86_64-linux-gnu/sys/cdefs.h:55:54> /usr/include/stdio.h:757:13 clearerr 'void (FILE *)' extern
| |-ParmVarDecl 0xe5b6d0 <col:23, col:29> col:29 __stream 'FILE *'
| `-NoThrowAttr 0xe5b808 </usr/include/x86_64-linux-gnu/sys/cdefs.h:55:35>
|-FunctionDecl 0xe5b908 </usr/include/stdio.h:759:1, /usr/include/x86_64-linux-gnu/sys/cdefs.h:55:54> /usr/include/stdio.h:759:12 feof 'int (FILE *)' extern
| |-ParmVarDecl 0xe5b870 <col:18, col:24> col:24 __stream 'FILE *'
| `-NoThrowAttr 0xe5b9b0 </usr/include/x86_64-linux-gnu/sys/cdefs.h:55:35>
|-FunctionDecl 0xe5bab0 </usr/include/stdio.h:761:1, /usr/include/x86_64-linux-gnu/sys/cdefs.h:55:54> /usr/include/stdio.h:761:12 ferror 'int (FILE *)' extern
| |-ParmVarDecl 0xe5ba18 <col:20, col:26> col:26 __stream 'FILE *'
| `-NoThrowAttr 0xe5bb58 </usr/include/x86_64-linux-gnu/sys/cdefs.h:55:35>
|-FunctionDecl 0xe5bc50 </usr/include/stdio.h:765:1, /usr/include/x86_64-linux-gnu/sys/cdefs.h:55:54> /usr/include/stdio.h:765:13 clearerr_unlocked 'void (FILE *)' extern
| |-ParmVarDecl 0xe5bbc0 <col:32, col:38> col:38 __stream 'FILE *'
| `-NoThrowAttr 0xe5bcf8 </usr/include/x86_64-linux-gnu/sys/cdefs.h:55:35>
|-FunctionDecl 0xe5bdf8 </usr/include/stdio.h:766:1, /usr/include/x86_64-linux-gnu/sys/cdefs.h:55:54> /usr/include/stdio.h:766:12 feof_unlocked 'int (FILE *)' extern
| |-ParmVarDecl 0xe5bd60 <col:27, col:33> col:33 __stream 'FILE *'
| `-NoThrowAttr 0xe5bea0 </usr/include/x86_64-linux-gnu/sys/cdefs.h:55:35>
|-FunctionDecl 0xe5bfa0 </usr/include/stdio.h:767:1, /usr/include/x86_64-linux-gnu/sys/cdefs.h:55:54> /usr/include/stdio.h:767:12 ferror_unlocked 'int (FILE *)' extern
| |-ParmVarDecl 0xe5bf08 <col:29, col:35> col:35 __stream 'FILE *'
| `-NoThrowAttr 0xe5c048 </usr/include/x86_64-linux-gnu/sys/cdefs.h:55:35>
|-FunctionDecl 0xe5c330 </usr/include/stdio.h:775:1, col:36> col:13 perror 'void (const char *)' extern
| `-ParmVarDecl 0xe5c0b8 <col:21, col:33> col:33 __s 'const char *'
|-VarDecl 0xe5c3f0 </usr/include/x86_64-linux-gnu/bits/sys_errlist.h:26:1, col:12> col:12 sys_nerr 'int' extern
|-VarDecl 0xe5c4e0 <line:27:1, col:38> col:26 sys_errlist 'const char *const []' extern
|-FunctionDecl 0xe5c5f0 </usr/include/stdio.h:786:1, /usr/include/x86_64-linux-gnu/sys/cdefs.h:55:54> /usr/include/stdio.h:786:12 fileno 'int (FILE *)' extern
| |-ParmVarDecl 0xe5c558 <col:20, col:26> col:26 __stream 'FILE *'
| `-NoThrowAttr 0xe5c698 </usr/include/x86_64-linux-gnu/sys/cdefs.h:55:35>
|-FunctionDecl 0xe5c798 </usr/include/stdio.h:791:1, /usr/include/x86_64-linux-gnu/sys/cdefs.h:55:54> /usr/include/stdio.h:791:12 fileno_unlocked 'int (FILE *)' extern
| |-ParmVarDecl 0xe5c700 <col:29, col:35> col:35 __stream 'FILE *'
| `-NoThrowAttr 0xe5c840 </usr/include/x86_64-linux-gnu/sys/cdefs.h:55:35>
|-FunctionDecl 0xe5c9c8 </usr/include/stdio.h:800:1, col:63> col:14 popen 'FILE *(const char *, const char *)' extern
| |-ParmVarDecl 0xe5c8b0 <col:21, col:33> col:33 __command 'const char *'
| `-ParmVarDecl 0xe5c930 <col:44, col:56> col:56 __modes 'const char *'
|-FunctionDecl 0xe5cb20 <line:806:1, col:34> col:12 pclose 'int (FILE *)' extern
| `-ParmVarDecl 0xe5ca88 <col:20, col:26> col:26 __stream 'FILE *'
|-FunctionDecl 0xe5cc78 <line:812:1, /usr/include/x86_64-linux-gnu/sys/cdefs.h:55:54> /usr/include/stdio.h:812:14 ctermid 'char *(char *)' extern
| |-ParmVarDecl 0xe5cbe0 <col:23, col:29> col:29 __s 'char *'
| `-NoThrowAttr 0xe5cd20 </usr/include/x86_64-linux-gnu/sys/cdefs.h:55:35>
|-FunctionDecl 0xe5ce18 </usr/include/stdio.h:840:1, /usr/include/x86_64-linux-gnu/sys/cdefs.h:55:54> /usr/include/stdio.h:840:13 flockfile 'void (FILE *)' extern
| |-ParmVarDecl 0xe5cd88 <col:24, col:30> col:30 __stream 'FILE *'
| `-NoThrowAttr 0xe5cec0 </usr/include/x86_64-linux-gnu/sys/cdefs.h:55:35>
|-FunctionDecl 0xe5cfc0 </usr/include/stdio.h:844:1, /usr/include/x86_64-linux-gnu/sys/cdefs.h:55:54> /usr/include/stdio.h:844:12 ftrylockfile 'int (FILE *)' extern
| |-ParmVarDecl 0xe5cf28 <col:26, col:32> col:32 __stream 'FILE *'
| `-NoThrowAttr 0xe5d068 </usr/include/x86_64-linux-gnu/sys/cdefs.h:55:35>
|-FunctionDecl 0xe5d160 </usr/include/stdio.h:847:1, /usr/include/x86_64-linux-gnu/sys/cdefs.h:55:54> /usr/include/stdio.h:847:13 funlockfile 'void (FILE *)' extern
| |-ParmVarDecl 0xe5d0d0 <col:26, col:32> col:32 __stream 'FILE *'
| `-NoThrowAttr 0xe5d208 </usr/include/x86_64-linux-gnu/sys/cdefs.h:55:35>
|-FunctionDecl 0xe5d8a0 </usr/include/stdio.h:858:1, col:27> col:12 __uflow 'int (FILE *)' extern
| `-ParmVarDecl 0xe5d270 <col:21, col:26> col:27 'FILE *'
|-FunctionDecl 0xe5daf0 <line:859:1, col:35> col:12 __overflow 'int (FILE *, int)' extern
| |-ParmVarDecl 0xe5d958 <col:24, col:29> col:30 'FILE *'
| `-ParmVarDecl 0xe5d9d8 <col:32> col:35 'int'
|-VarDecl 0xe5dbb8 <main.c:5:1, col:5> col:5 used answer 'int'
|-FunctionDecl 0xe5dcd0 <line:7:1, line:16:1> line:7:5 used work 'int (int)'
| |-ParmVarDecl 0xe5dc38 <col:10, col:14> col:14 used n 'int'
| `-CompoundStmt 0xe5e218 <line:8:1, line:16:1>
|   |-DeclStmt 0xe5de90 <line:9:5, col:13>
|   | |-VarDecl 0xe5dd90 <col:5, col:9> col:9 used i 'int'
|   | `-VarDecl 0xe5de10 <col:5, col:12> col:12 used f 'int'
|   |-BinaryOperator 0xe5dee8 <line:10:5, col:9> 'int' '='
|   | |-DeclRefExpr 0xe5dea8 <col:5> 'int' lvalue Var 0xe5de10 'f' 'int'
|   | `-IntegerLiteral 0xe5dec8 <col:9> 'int' 1
|   |-ForStmt 0xe5e198 <line:11:5, line:14:5>
|   | |-BinaryOperator 0xe5df48 <line:11:10, col:14> 'int' '='
|   | | |-DeclRefExpr 0xe5df08 <col:10> 'int' lvalue Var 0xe5dd90 'i' 'int'
|   | | `-IntegerLiteral 0xe5df28 <col:14> 'int' 2
|   | |-<<<NULL>>>
|   | |-BinaryOperator 0xe5dfd8 <col:17, col:22> 'int' '<='
|   | | |-ImplicitCastExpr 0xe5dfa8 <col:17> 'int' <LValueToRValue>
|   | | | `-DeclRefExpr 0xe5df68 <col:17> 'int' lvalue Var 0xe5dd90 'i' 'int'
|   | | `-ImplicitCastExpr 0xe5dfc0 <col:22> 'int' <LValueToRValue>
|   | |   `-DeclRefExpr 0xe5df88 <col:22> 'int' lvalue ParmVar 0xe5dc38 'n' 'int'
|   | |-BinaryOperator 0xe5e090 <line:3:19, col:27> 'int' '='
|   | | |-DeclRefExpr 0xe5dff8 <col:19> 'int' lvalue Var 0xe5dd90 'i' 'int'
|   | | `-BinaryOperator 0xe5e070 <col:23, col:27> 'int' '+'
|   | |   |-ImplicitCastExpr 0xe5e058 <col:23> 'int' <LValueToRValue>
|   | |   | `-DeclRefExpr 0xe5e018 <col:23> 'int' lvalue Var 0xe5dd90 'i' 'int'
|   | |   `-IntegerLiteral 0xe5e038 <col:27> 'int' 1
|   | `-CompoundStmt 0xe5e180 <line:12:5, line:14:5>
|   |   `-BinaryOperator 0xe5e160 <line:13:9, col:17> 'int' '='
|   |     |-DeclRefExpr 0xe5e0b0 <col:9> 'int' lvalue Var 0xe5de10 'f' 'int'
|   |     `-BinaryOperator 0xe5e140 <col:13, col:17> 'int' '*'
|   |       |-ImplicitCastExpr 0xe5e110 <col:13> 'int' <LValueToRValue>
|   |       | `-DeclRefExpr 0xe5e0d0 <col:13> 'int' lvalue Var 0xe5de10 'f' 'int'
|   |       `-ImplicitCastExpr 0xe5e128 <col:17> 'int' <LValueToRValue>
|   |         `-DeclRefExpr 0xe5e0f0 <col:17> 'int' lvalue Var 0xe5dd90 'i' 'int'
|   `-ReturnStmt 0xe5e208 <line:15:5, col:12>
|     `-ImplicitCastExpr 0xe5e1f0 <col:12> 'int' <LValueToRValue>
|       `-DeclRefExpr 0xe5e1d0 <col:12> 'int' lvalue Var 0xe5de10 'f' 'int'
`-FunctionDecl 0xe5e2d0 <line:18:1, line:24:1> line:18:5 main 'int ()'
  `-CompoundStmt 0xe5e7e8 <line:19:1, line:24:1>
    |-DeclStmt 0xe5e3f0 <line:20:5, col:10>
    | `-VarDecl 0xe5e388 <col:5, col:9> col:9 used n 'int'
    |-CallExpr 0xe5e580 <line:21:5, col:19> 'int'
    | |-ImplicitCastExpr 0xe5e568 <col:5> 'int (*)(const char *restrict, ...)' <FunctionToPointerDecay>
    | | `-DeclRefExpr 0xe5e408 <col:5> 'int (const char *restrict, ...)' Function 0xe52518 'scanf' 'int (const char *restrict, ...)'
    | |-ImplicitCastExpr 0xe5e5c8 <col:11> 'const char *' <NoOp>
    | | `-ImplicitCastExpr 0xe5e5b0 <col:11> 'char *' <ArrayToPointerDecay>
    | |   `-StringLiteral 0xe5e468 <col:11> 'char [3]' lvalue "%d"
    | `-UnaryOperator 0xe5e4d8 <col:17, col:18> 'int *' prefix '&' cannot overflow
    |   `-DeclRefExpr 0xe5e488 <col:18> 'int' lvalue Var 0xe5e388 'n' 'int'
    |-BinaryOperator 0xe5e6c0 <line:22:5, col:20> 'int' '='
    | |-DeclRefExpr 0xe5e5e0 <col:5> 'int' lvalue Var 0xe5dbb8 'answer' 'int'
    | `-CallExpr 0xe5e680 <col:14, col:20> 'int'
    |   |-ImplicitCastExpr 0xe5e668 <col:14> 'int (*)(int)' <FunctionToPointerDecay>
    |   | `-DeclRefExpr 0xe5e600 <col:14> 'int (int)' Function 0xe5dcd0 'work' 'int (int)'
    |   `-ImplicitCastExpr 0xe5e6a8 <col:19> 'int' <LValueToRValue>
    |     `-DeclRefExpr 0xe5e620 <col:19> 'int' lvalue Var 0xe5e388 'n' 'int'
    `-CallExpr 0xe5e770 <line:23:5, col:26> 'int'
      |-ImplicitCastExpr 0xe5e758 <col:5> 'int (*)(const char *, ...)' <FunctionToPointerDecay>
      | `-DeclRefExpr 0xe5e6e0 <col:5> 'int (const char *, ...)' Function 0xe4d770 'printf' 'int (const char *, ...)'
      |-ImplicitCastExpr 0xe5e7b8 <col:12> 'const char *' <NoOp>
      | `-ImplicitCastExpr 0xe5e7a0 <col:12> 'char *' <ArrayToPointerDecay>
      |   `-StringLiteral 0xe5e700 <col:12> 'char [4]' lvalue "%d\n"
      `-ImplicitCastExpr 0xe5e7d0 <col:20> 'int' <LValueToRValue>
        `-DeclRefExpr 0xe5e720 <col:20> 'int' lvalue Var 0xe5dbb8 'answer' 'int'
